<?xml version="1.0" encoding="UTF-8"?>
<!-- Generated by org.testng.reporters.JUnitXMLReporter -->
<testsuite ignored="0" hostname="DESKTOP-IDGKHU6" failures="1" tests="3" name="ErrorValidationTest" time="35.169" errors="0" timestamp="2024-09-26T16:13:43 IST">
  <testcase classname="rajeshautomationlearnings.Tests.ErrorValidationTest" name="loginErrorValidation" time="0.817">
    <skipped/>
  </testcase> <!-- loginErrorValidation -->
  <testcase classname="rajeshautomationlearnings.Tests.ErrorValidationTest" name="loginErrorValidation" time="1.063">
    <failure type="java.lang.AssertionError" message="expected [Incorrect email or password.] but found [Incorrect email password.]">
      <![CDATA[java.lang.AssertionError: expected [Incorrect email or password.] but found [Incorrect email password.]
at rajeshautomationlearnings.Tests.ErrorValidationTest.loginErrorValidation(ErrorValidationTest.java:22)
at java.base/java.util.ArrayList.forEach(ArrayList.java:1511)
at java.base/java.util.concurrent.FutureTask.run(FutureTask.java:264)
at java.base/java.util.concurrent.ThreadPoolExecutor.runWorker(ThreadPoolExecutor.java:1136)
at java.base/java.util.concurrent.ThreadPoolExecutor$Worker.run(ThreadPoolExecutor.java:635)
at java.base/java.lang.Thread.run(Thread.java:840)
... Removed 23 stack frames]]>
    </failure>
  </testcase> <!-- loginErrorValidation -->
  <testcase classname="rajeshautomationlearnings.Tests.ErrorValidationTest" name="productErrorValidation" time="24.046"/>
</testsuite> <!-- ErrorValidationTest -->
