<?xml version="1.0" encoding="UTF-8"?>
<!-- Generated by org.testng.reporters.JUnitXMLReporter -->
<testsuite ignored="0" hostname="DESKTOP-IDGKHU6" failures="0" tests="3" name="SubmitOrderTest" time="40.365" errors="0" timestamp="2024-09-26T16:13:47 IST">
  <testcase classname="rajeshautomationlearnings.Tests.SubmitOrderTest" name="SubmitOrder" time="15.489"/>
  <testcase classname="rajeshautomationlearnings.Tests.SubmitOrderTest" name="SubmitOrder" time="15.092"/>
  <testcase classname="rajeshautomationlearnings.Tests.SubmitOrderTest" name="orderHistoryTest" time="1.038"/>
</testsuite> <!-- SubmitOrderTest -->
