<?xml version="1.0" encoding="UTF-8"?>
<!-- Generated by org.testng.reporters.JUnitXMLReporter -->
<testsuite ignored="1" hostname="DESKTOP-IDGKHU6" failures="0" tests="1" name="ErrorValidationTest" time="0.089" errors="0" timestamp="2024-10-07T10:41:20 IST">
  <testcase classname="rajeshautomationlearnings.Tests.ErrorValidationTest" name="loginErrorValidation" time="0.001">
    <skipped/>
  </testcase> <!-- loginErrorValidation -->
  <testcase classname="rajeshautomationlearnings.Tests.ErrorValidationTest" name="productErrorValidation" time="0.0">
    <ignored/>
  </testcase> <!-- productErrorValidation -->
</testsuite> <!-- ErrorValidationTest -->
